[info]: timestamp:2025-04-04 11:42:02 AM traceId:[e6671e3b-3df5-45ca-9860-bed1a905f5be] msg:Incoming request: PATCH /api/v1/members/9b05bafa-4dc0-4442-b932-a291a75fc2
[error]: timestamp:2025-04-04 11:42:02 AM traceId:[e6671e3b-3df5-45ca-9860-bed1a905f5be] msg: method: PATCH: /api/v1/members/9b05bafa-4dc0-4442-b932-a291a75fc2 msg: Validation error!
[info]: timestamp:2025-04-04 11:42:04 AM traceId:[8156e424-6086-49b4-900b-16d998219ac2] msg:Incoming request: PATCH /api/v1/members/9b05bafa-4dc0-4442-b932-a291a75fc2
[error]: timestamp:2025-04-04 11:42:04 AM traceId:[8156e424-6086-49b4-900b-16d998219ac2] msg: method: PATCH: /api/v1/members/9b05bafa-4dc0-4442-b932-a291a75fc2 msg: Validation error!
[info]: timestamp:2025-04-04 11:42:13 AM traceId:[f381b664-a5d9-49c8-b40d-a5f7fee2861d] msg:Incoming request: PATCH /api/v1/members/9b05bafa-4dc0-4442-b932-a291a75fc254
[error]: timestamp:2025-04-04 11:42:13 AM traceId:[f381b664-a5d9-49c8-b40d-a5f7fee2861d] msg: method: PATCH: /api/v1/members/9b05bafa-4dc0-4442-b932-a291a75fc254 msg: 
Invalid `prisma.$queryRaw()` invocation:


Raw query failed. Code: `23502`. Message: `Failing row contains (9b05bafa-4dc0-4442-b932-a291a75fc254, null, null, null, 2025-04-02 11:58:52.921).`
[info]: timestamp:2025-04-04 11:42:16 AM traceId:[27c8ad97-5cc3-4531-8710-27d281a7db6d] msg:Incoming request: PATCH /api/v1/members/9b05bafa-4dc0-4442-b932-a291a75fc254
[error]: timestamp:2025-04-04 11:42:16 AM traceId:[27c8ad97-5cc3-4531-8710-27d281a7db6d] msg: method: PATCH: /api/v1/members/9b05bafa-4dc0-4442-b932-a291a75fc254 msg: 
Invalid `prisma.$queryRaw()` invocation:


Raw query failed. Code: `23502`. Message: `Failing row contains (9b05bafa-4dc0-4442-b932-a291a75fc254, null, null, null, 2025-04-02 11:58:52.921).`
[info]: timestamp:2025-04-04 12:01:13 PM traceId:[a5a3c660-7b32-4c51-941a-558c85c2ee96] msg:Incoming request: PATCH /api/v1/members/9b05bafa-4dc0-4442-b932-a291a75fc254
[error]: timestamp:2025-04-04 12:01:13 PM traceId:[a5a3c660-7b32-4c51-941a-558c85c2ee96] msg: method: PATCH: /api/v1/members/9b05bafa-4dc0-4442-b932-a291a75fc254 msg: 
Invalid `prisma.$queryRaw()` invocation:


Raw query failed. Code: `23502`. Message: `Failing row contains (9b05bafa-4dc0-4442-b932-a291a75fc254, null, null, null, 2025-04-02 11:58:52.921).`
[info]: timestamp:2025-04-04 12:01:26 PM traceId:[5c9caa0d-924e-41b5-a59e-8296e53c77b8] msg:Incoming request: PATCH /api/v1/members/9b05bafa-4dc0-4442-b932-a291a75fc254
[error]: timestamp:2025-04-04 12:01:26 PM traceId:[5c9caa0d-924e-41b5-a59e-8296e53c77b8] msg: method: PATCH: /api/v1/members/9b05bafa-4dc0-4442-b932-a291a75fc254 msg: 
Invalid `prisma.$queryRaw()` invocation:


Raw query failed. Code: `23502`. Message: `Failing row contains (9b05bafa-4dc0-4442-b932-a291a75fc254, null, null, null, 2025-04-02 11:58:52.921).`
[info]: timestamp:2025-04-04 12:01:31 PM traceId:[7743e4b7-0b57-4f2f-aaad-27bf7d15ab66] msg:Incoming request: PATCH /api/v1/members/9b05bafa-4dc0-4442-b932-a291a75fc254
[error]: timestamp:2025-04-04 12:01:31 PM traceId:[7743e4b7-0b57-4f2f-aaad-27bf7d15ab66] msg: method: PATCH: /api/v1/members/9b05bafa-4dc0-4442-b932-a291a75fc254 msg: 
Invalid `prisma.$queryRaw()` invocation:


Raw query failed. Code: `23502`. Message: `Failing row contains (9b05bafa-4dc0-4442-b932-a291a75fc254, null, null, null, 2025-04-02 11:58:52.921).`
[info]: timestamp:2025-04-04 12:02:02 PM traceId:[5649305f-8b4c-4d96-b243-efc07c601278] msg:Incoming request: PATCH /api/v1/members/9b05bafa-4dc0-4442-b932-a291a75fc254
[error]: timestamp:2025-04-04 12:02:02 PM traceId:[5649305f-8b4c-4d96-b243-efc07c601278] msg: method: PATCH: /api/v1/members/9b05bafa-4dc0-4442-b932-a291a75fc254 msg: 
Invalid `prisma.$queryRaw()` invocation:


Raw query failed. Code: `23502`. Message: `Failing row contains (9b05bafa-4dc0-4442-b932-a291a75fc254, null, null, null, 2025-04-02 11:58:52.921).`
[info]: timestamp:2025-04-04 12:02:03 PM traceId:[42ffef1b-a2be-40ed-9d45-d0e77d12d946] msg:Incoming request: PATCH /api/v1/members/9b05bafa-4dc0-4442-b932-a291a75fc254
[error]: timestamp:2025-04-04 12:02:03 PM traceId:[42ffef1b-a2be-40ed-9d45-d0e77d12d946] msg: method: PATCH: /api/v1/members/9b05bafa-4dc0-4442-b932-a291a75fc254 msg: 
Invalid `prisma.$queryRaw()` invocation:


Raw query failed. Code: `23502`. Message: `Failing row contains (9b05bafa-4dc0-4442-b932-a291a75fc254, null, null, null, 2025-04-02 11:58:52.921).`
[info]: timestamp:2025-04-04 12:02:05 PM traceId:[f2595059-d2f9-4d13-9efb-b5a1513c7e5c] msg:Incoming request: PATCH /api/v1/members/9b05bafa-4dc0-4442-b932-a291a75fc254
[error]: timestamp:2025-04-04 12:02:05 PM traceId:[f2595059-d2f9-4d13-9efb-b5a1513c7e5c] msg: method: PATCH: /api/v1/members/9b05bafa-4dc0-4442-b932-a291a75fc254 msg: 
Invalid `prisma.$queryRaw()` invocation:


Raw query failed. Code: `23502`. Message: `Failing row contains (9b05bafa-4dc0-4442-b932-a291a75fc254, null, null, null, 2025-04-02 11:58:52.921).`
[info]: timestamp:2025-04-04 12:02:06 PM traceId:[eef7cfb5-fe37-44bc-b182-b6a111a15dfc] msg:Incoming request: PATCH /api/v1/members/9b05bafa-4dc0-4442-b932-a291a75fc254
[error]: timestamp:2025-04-04 12:02:06 PM traceId:[eef7cfb5-fe37-44bc-b182-b6a111a15dfc] msg: method: PATCH: /api/v1/members/9b05bafa-4dc0-4442-b932-a291a75fc254 msg: 
Invalid `prisma.$queryRaw()` invocation:


Raw query failed. Code: `23502`. Message: `Failing row contains (9b05bafa-4dc0-4442-b932-a291a75fc254, null, null, null, 2025-04-02 11:58:52.921).`
[info]: timestamp:2025-04-04 12:02:06 PM traceId:[8ed8bd00-eec2-4b78-b529-2e71cfd65e20] msg:Incoming request: PATCH /api/v1/members/9b05bafa-4dc0-4442-b932-a291a75fc254
[error]: timestamp:2025-04-04 12:02:06 PM traceId:[8ed8bd00-eec2-4b78-b529-2e71cfd65e20] msg: method: PATCH: /api/v1/members/9b05bafa-4dc0-4442-b932-a291a75fc254 msg: 
Invalid `prisma.$queryRaw()` invocation:


Raw query failed. Code: `23502`. Message: `Failing row contains (9b05bafa-4dc0-4442-b932-a291a75fc254, null, null, null, 2025-04-02 11:58:52.921).`
[info]: timestamp:2025-04-04 12:05:27 PM traceId:[1be3a177-2d49-44b4-91c1-4c31623e6ca6] msg:Incoming request: PATCH /api/v1/members/9b05bafa-4dc0-4442-b932-a291a75fc254
[error]: timestamp:2025-04-04 12:05:27 PM traceId:[1be3a177-2d49-44b4-91c1-4c31623e6ca6] msg: method: PATCH: /api/v1/members/9b05bafa-4dc0-4442-b932-a291a75fc254 msg: 
Invalid `prisma.$queryRaw()` invocation:


Raw query failed. Code: `23502`. Message: `Failing row contains (9b05bafa-4dc0-4442-b932-a291a75fc254, Unknown, null, null, 2025-04-02 11:58:52.921).`
[info]: timestamp:2025-04-04 14:43:38 PM traceId:[0fa5981f-27ad-41b3-962c-dc1378b3a6a1] msg:Incoming request: PATCH /api/v1/members/9b05bafa-4dc0-4442-b932-a291a75fc254
[info]: timestamp:2025-04-04 14:46:25 PM traceId:[4a0881e8-f5ee-4f7a-91fe-23d93ae15bfb] msg:Incoming request: PATCH /api/v1/members/9b05bafa-4dc0-4442-b932-a291a75fc254
[info]: timestamp:2025-04-04 14:47:22 PM traceId:[0ddd0cbc-e020-4dea-8fc5-c0992dadc018] msg:Incoming request: PATCH /api/v1/members/9b05bafa-4dc0-4442-b932-a291a75fc254
[info]: timestamp:2025-04-04 15:08:40 PM traceId:[92d6bce6-152d-4830-8214-7fbabdcf1762] msg:Incoming request: PATCH /api/v1/members/9b05bafa-4dc0-4442-b932-a291a75fc254
[info]: timestamp:2025-04-04 15:09:20 PM traceId:[b262b9f3-6735-4aeb-8cfb-d95301b57977] msg:Incoming request: PATCH /api/v1/members/9b05bafa-4dc0-4442-b932-a291a75fc254
[info]: timestamp:2025-04-04 15:10:33 PM traceId:[851259aa-caf4-4685-89f0-30ede4d18c2e] msg:Incoming request: PATCH /api/v1/members/9b05bafa-4dc0-4442-b932-a291a75fc254
[info]: timestamp:2025-04-04 15:10:35 PM traceId:[78951f37-8856-420a-a534-aca18ce7432f] msg:Incoming request: PATCH /api/v1/members/9b05bafa-4dc0-4442-b932-a291a75fc254
[info]: timestamp:2025-04-04 15:10:39 PM traceId:[fae93d37-d831-455f-aa25-276e0284bf8e] msg:Incoming request: PATCH /api/v1/members/9b05bafa-4dc0-4442-b932-a291a75fc254
[error]: timestamp:2025-04-04 15:10:39 PM traceId:[fae93d37-d831-455f-aa25-276e0284bf8e] msg: method: PATCH: /api/v1/members/9b05bafa-4dc0-4442-b932-a291a75fc254 msg: No valid fields to update
[info]: timestamp:2025-04-04 15:10:41 PM traceId:[765eb070-0541-4fef-8e79-8b1c9c99947b] msg:Incoming request: PATCH /api/v1/members/9b05bafa-4dc0-4442-b932-a291a75fc254
[error]: timestamp:2025-04-04 15:10:41 PM traceId:[765eb070-0541-4fef-8e79-8b1c9c99947b] msg: method: PATCH: /api/v1/members/9b05bafa-4dc0-4442-b932-a291a75fc254 msg: No valid fields to update
[info]: timestamp:2025-04-04 15:10:42 PM traceId:[fc8bc617-f2f4-4c7c-a753-acb272b44a03] msg:Incoming request: PATCH /api/v1/members/9b05bafa-4dc0-4442-b932-a291a75fc254
[error]: timestamp:2025-04-04 15:10:42 PM traceId:[fc8bc617-f2f4-4c7c-a753-acb272b44a03] msg: method: PATCH: /api/v1/members/9b05bafa-4dc0-4442-b932-a291a75fc254 msg: No valid fields to update
[info]: timestamp:2025-04-04 15:10:43 PM traceId:[c7b2a4a8-ceed-4e14-85a7-1c94e08eb3bf] msg:Incoming request: PATCH /api/v1/members/9b05bafa-4dc0-4442-b932-a291a75fc254
[error]: timestamp:2025-04-04 15:10:43 PM traceId:[c7b2a4a8-ceed-4e14-85a7-1c94e08eb3bf] msg: method: PATCH: /api/v1/members/9b05bafa-4dc0-4442-b932-a291a75fc254 msg: No valid fields to update
[info]: timestamp:2025-04-04 15:10:45 PM traceId:[cde1d146-3dbb-4c3d-9b9b-c23322a0ff29] msg:Incoming request: PATCH /api/v1/members/9b05bafa-4dc0-4442-b932-a291a75fc254
[info]: timestamp:2025-04-04 15:14:00 PM traceId:[0eef3f50-d653-462e-a1fd-478083ffeba8] msg:Incoming request: PATCH /api/v1/members/9b05bafa-4dc0-4442-b932-a291a75fc254
[info]: timestamp:2025-04-04 15:14:46 PM traceId:[c2f981e6-18d0-4238-b5ae-9601069a5da6] msg:Incoming request: PATCH /api/v1/members/9b05bafa-4dc0-4442-b932-a291a75fc254
[info]: timestamp:2025-04-04 15:15:23 PM traceId:[cbc5c33c-ad8f-48d2-9f3a-80f610d0356d] msg:Incoming request: PATCH /api/v1/members/9b05bafa-4dc0-4442-b932-a291a75fc254
[info]: timestamp:2025-04-04 15:22:46 PM traceId:[f713f7f4-af7d-458e-8c51-3b96896c9d73] msg:Incoming request: PATCH /api/v1/members/9b05bafa-4dc0-4442-b932-a291a75fc254
[info]: timestamp:2025-04-04 15:25:24 PM traceId:[6bcb5df6-b7d6-4761-884a-09d72a32c16e] msg:Incoming request: PATCH /api/v1/members/9b05bafa-4dc0-4442-b932-a291a75fc254
[info]: timestamp:2025-04-04 15:26:00 PM traceId:[0703ccd2-57cd-454f-b20f-c97d28b08307] msg:Incoming request: PATCH /api/v1/members/9b05bafa-4dc0-4442-b932-a291a75fc254
[info]: timestamp:2025-04-04 15:27:28 PM traceId:[e16650e3-57b0-41e3-b304-458ff9627051] msg:Incoming request: PATCH /api/v1/members/9b05bafa-4dc0-4442-b932-a291a75fc254
[error]: timestamp:2025-04-04 15:27:28 PM traceId:[e16650e3-57b0-41e3-b304-458ff9627051] msg: method: PATCH: /api/v1/members/9b05bafa-4dc0-4442-b932-a291a75fc254 msg: 
Invalid `prisma.$queryRaw()` invocation:


Raw query failed. Code: `42601`. Message: `ERROR: syntax error at or near "$1"`
[info]: timestamp:2025-04-04 15:30:23 PM traceId:[288493d7-63cf-47e6-9c44-bf2fc6b150f6] msg:Incoming request: PATCH /api/v1/members/9b05bafa-4dc0-4442-b932-a291a75fc254
[error]: timestamp:2025-04-04 15:30:23 PM traceId:[288493d7-63cf-47e6-9c44-bf2fc6b150f6] msg: method: PATCH: /api/v1/members/9b05bafa-4dc0-4442-b932-a291a75fc254 msg: 
Invalid `prisma.$executeRaw()` invocation:


Raw query failed. Code: `42601`. Message: `ERROR: syntax error at or near "$1"`
[info]: timestamp:2025-04-04 18:09:36 PM traceId:[864d36c8-c02e-4944-9864-99b3f74ba8df] msg:Incoming request: PATCH /api/v1/members/9b05bafa-4dc0-4442-b932-a291a75fc254
[error]: timestamp:2025-04-04 18:09:36 PM traceId:[864d36c8-c02e-4944-9864-99b3f74ba8df] msg: method: PATCH: /api/v1/members/9b05bafa-4dc0-4442-b932-a291a75fc254 msg: 
Invalid `prisma.$executeRawUnsafe()` invocation:


Raw query failed. Code: `42601`. Message: `ERROR: trailing junk after numeric literal at or near "9b05bafa"`
[info]: timestamp:2025-04-04 18:11:19 PM traceId:[adc78786-eb3c-44b4-8562-f542bddeb324] msg:Incoming request: PATCH /api/v1/members/9b05bafa-4dc0-4442-b932-a291a75fc254
[error]: timestamp:2025-04-04 18:11:20 PM traceId:[adc78786-eb3c-44b4-8562-f542bddeb324] msg: method: PATCH: /api/v1/members/9b05bafa-4dc0-4442-b932-a291a75fc254 msg: updateMember is not defined
[info]: timestamp:2025-04-04 18:13:45 PM traceId:[4190297c-1025-4ee8-adc8-1dd6e6ca0417] msg:Incoming request: PATCH /api/v1/members/9b05bafa-4dc0-4442-b932-a291a75fc254
[info]: timestamp:2025-04-04 18:15:10 PM traceId:[d236f285-6b45-4cc7-af4a-54328243df2b] msg:Incoming request: PATCH /api/v1/members/9b05bafa-4dc0-4442-b932-a291a75fc254
[info]: timestamp:2025-04-04 18:15:53 PM traceId:[c4faaa56-b240-4046-9173-bfb3317042a1] msg:Incoming request: PATCH /api/v1/members/9b05bafa-4dc0-4442-b932-a291a75fc254
[info]: timestamp:2025-04-04 18:47:19 PM traceId:[c177c321-3634-4195-95f2-c3592d2cd6ce] msg:Incoming request: PATCH /api/v1/members/9b05bafa-4dc0-4442-b932-a291a75fc254
[info]: timestamp:2025-04-04 18:51:54 PM traceId:[d9869d0e-b61e-4f1b-8338-e5b2294ca9e0] msg:Incoming request: PATCH /api/v1/members/9b05bafa-4dc0-4442-b932-a291a75fc254
[info]: timestamp:2025-04-04 18:52:08 PM traceId:[bde8b755-9f94-44c2-9073-c3f8aa2bf82e] msg:Incoming request: PATCH /api/v1/members/9b05bafa-4dc0-4442-b932-a291a75fc254
[info]: timestamp:2025-04-04 18:55:10 PM traceId:[ad6da00d-e9c0-4474-94fa-409764517181] msg:Incoming request: PATCH /api/v1/members/9b05bafa-4dc0-4442-b932-a291a75fc254
[info]: timestamp:2025-04-04 18:56:18 PM traceId:[e09cc70e-8b26-46d5-90c3-a7e169d7ef25] msg:Incoming request: PATCH /api/v1/members/9b05bafa-4dc0-4442-b932-a291a75fc254
[info]: timestamp:2025-04-04 18:57:08 PM traceId:[f9fb43bb-aa52-45f4-b279-0d6fbd365511] msg:Incoming request: PATCH /api/v1/members/9b05bafa-4dc0-4442-b932-a291a75fc254
[info]: timestamp:2025-04-04 18:58:40 PM traceId:[9b3d5802-a6b6-466b-81d9-2673b7d5bdab] msg:Incoming request: PATCH /api/v1/members/9b05bafa-4dc0-4442-b932-a291a75fc254
[info]: timestamp:2025-04-04 19:01:33 PM traceId:[82fffca3-9925-4ac6-a440-0d61ff3ea2fa] msg:Incoming request: PATCH /api/v1/members/9b05bafa-4dc0-4442-b932-a291a75fc254
[info]: timestamp:2025-04-04 19:01:36 PM traceId:[1f465d32-dd81-4a33-972d-9f010157e658] msg:Incoming request: PATCH /api/v1/members/9b05bafa-4dc0-4442-b932-a291a75fc254
[info]: timestamp:2025-04-04 19:01:41 PM traceId:[85429504-be95-4066-b2c5-9291ac81f31f] msg:Incoming request: PATCH /api/v1/members/9b05bafa-4dc0-4442-b932-a291a75fc254
[info]: timestamp:2025-04-04 19:09:42 PM traceId:[e684f553-f99b-4fa4-89e0-8ab1bc8094db] msg:Incoming request: GET /api/v1/members/9b05bafa-4dc0-4442-b932-a291a75fc2
[error]: timestamp:2025-04-04 19:09:42 PM traceId:[e684f553-f99b-4fa4-89e0-8ab1bc8094db] msg: method: GET: /api/v1/members/9b05bafa-4dc0-4442-b932-a291a75fc2 msg: Validation error!
[info]: timestamp:2025-04-04 19:09:44 PM traceId:[cb9fcb7d-7d67-473d-a4e6-e9fa26c90803] msg:Incoming request: GET /api/v1/members/9b05bafa-4dc0-4442-b932-a291a75fc2
[error]: timestamp:2025-04-04 19:09:44 PM traceId:[cb9fcb7d-7d67-473d-a4e6-e9fa26c90803] msg: method: GET: /api/v1/members/9b05bafa-4dc0-4442-b932-a291a75fc2 msg: Validation error!
[info]: timestamp:2025-04-04 19:09:59 PM traceId:[5ea49743-e652-4c94-a25b-5c7c477ef689] msg:Incoming request: GET /api/v1/members/9b05bafa-4dc0-4442-b932-a291a75fc254
[info]: timestamp:2025-04-04 19:10:00 PM traceId:[da58f3a4-4c61-4d92-9904-9f5a93c4cfd0] msg:Incoming request: GET /api/v1/members/9b05bafa-4dc0-4442-b932-a291a75fc254
[info]: timestamp:2025-04-04 19:10:54 PM traceId:[35ccf20f-bc6d-4d76-90cc-aa53c42aca7d] msg:Incoming request: GET /api/v1/members/9b05bafa-4dc0-4442-b932-a291a75fc254
[info]: timestamp:2025-04-04 19:10:55 PM traceId:[f05f6f68-db8d-4db9-93d0-e05954bf44e8] msg:Incoming request: GET /api/v1/members/9b05bafa-4dc0-4442-b932-a291a75fc254
[info]: timestamp:2025-04-04 19:10:56 PM traceId:[b1e1418f-6e22-4e17-83ac-61e338b07143] msg:Incoming request: GET /api/v1/members/9b05bafa-4dc0-4442-b932-a291a75fc254
[info]: timestamp:2025-04-04 19:11:02 PM traceId:[87441e2a-478c-43a9-b5a7-2c8f3e9ca4c2] msg:Incoming request: GET /api/v1/members/9b05bafa-4dc0-4442-b932-a291a75fc254
[info]: timestamp:2025-04-04 19:17:03 PM traceId:[5baa5d51-dc82-408e-80cd-222d3eef39b8] msg:Incoming request: DELETE /api/v1/members/9b05bafa-4dc0-4442-b932-a291a75fc254
[info]: timestamp:2025-04-04 19:18:43 PM traceId:[493e3803-14a5-444c-85cc-cf1c1329a12a] msg:Incoming request: DELETE /api/v1/members/0eff2589-5ddf-4cf3-a296-c74c467e8553
[info]: timestamp:2025-04-04 19:18:51 PM traceId:[519511de-2730-4b39-82aa-25b87d7deb2e] msg:Incoming request: DELETE /api/v1/members/0eff2589-5ddf-4cf3-a296-c74c467e8553
[error]: timestamp:2025-04-04 19:18:51 PM traceId:[519511de-2730-4b39-82aa-25b87d7deb2e] msg: method: DELETE: /api/v1/members/0eff2589-5ddf-4cf3-a296-c74c467e8553 msg: 
Invalid `prisma.member.delete()` invocation in
C:\Users\User\Desktop\ph-level2-assingment\8.library-management-system-test\src\app\v1\features\member\member.service.ts:87:51

  84 //   DELETE FROM members WHERE "memberId" = ${memberId} RETURNING *;
  85 // `;
  86 
→ 87 const deletedMember = await prisma.member.delete(
An operation failed because it depends on one or more records that were required but not found. Record to delete does not exist.
[info]: timestamp:2025-04-04 19:18:52 PM traceId:[9954e054-3557-4c03-9e2b-895ef093ccb4] msg:Incoming request: DELETE /api/v1/members/0eff2589-5ddf-4cf3-a296-c74c467e8553
[error]: timestamp:2025-04-04 19:18:52 PM traceId:[9954e054-3557-4c03-9e2b-895ef093ccb4] msg: method: DELETE: /api/v1/members/0eff2589-5ddf-4cf3-a296-c74c467e8553 msg: 
Invalid `prisma.member.delete()` invocation in
C:\Users\User\Desktop\ph-level2-assingment\8.library-management-system-test\src\app\v1\features\member\member.service.ts:87:51

  84 //   DELETE FROM members WHERE "memberId" = ${memberId} RETURNING *;
  85 // `;
  86 
→ 87 const deletedMember = await prisma.member.delete(
An operation failed because it depends on one or more records that were required but not found. Record to delete does not exist.
[info]: timestamp:2025-04-04 19:19:45 PM traceId:[669c136e-f182-451c-8798-d80a80f47bb8] msg:Incoming request: DELETE /api/v1/members/a609be96-9a42-487d-92df-78454bf2fd91
[info]: timestamp:2025-04-04 19:21:54 PM traceId:[22318f41-a168-4887-b816-cf8811695410] msg:Incoming request: GET /api/v1/members
[info]: timestamp:2025-04-04 19:21:57 PM traceId:[90feb99b-3220-455b-b718-98a8bcc5ae92] msg:Incoming request: GET /api/v1/members
[info]: timestamp:2025-04-04 19:21:59 PM traceId:[0bdb94ce-0cfb-489b-8615-a17c48bbc405] msg:Incoming request: GET /api/v1/members
[info]: timestamp:2025-04-05 17:57:23 PM traceId:[183342f5-215f-4e63-9d43-3c7f118f225a] msg:Incoming request: POST /api/v1/borrow
[error]: timestamp:2025-04-05 17:57:23 PM traceId:[183342f5-215f-4e63-9d43-3c7f118f225a] msg: method: POST: /api/v1/borrow msg: Validation error!
[info]: timestamp:2025-04-05 17:57:25 PM traceId:[dc2d6ec8-72f5-4c72-9480-cc3e5bac6511] msg:Incoming request: POST /api/v1/borrow
[error]: timestamp:2025-04-05 17:57:25 PM traceId:[dc2d6ec8-72f5-4c72-9480-cc3e5bac6511] msg: method: POST: /api/v1/borrow msg: Validation error!
[info]: timestamp:2025-04-05 17:58:07 PM traceId:[41b576bb-e789-444c-9eb5-398c81a58025] msg:Incoming request: POST /api/v1/borrow
[error]: timestamp:2025-04-05 17:58:07 PM traceId:[41b576bb-e789-444c-9eb5-398c81a58025] msg: method: POST: /api/v1/borrow msg: Validation error!
[info]: timestamp:2025-04-05 17:58:08 PM traceId:[6d898d49-fc4a-44c3-aadc-63423362b602] msg:Incoming request: POST /api/v1/borrow
[error]: timestamp:2025-04-05 17:58:08 PM traceId:[6d898d49-fc4a-44c3-aadc-63423362b602] msg: method: POST: /api/v1/borrow msg: Validation error!
[info]: timestamp:2025-04-05 17:58:20 PM traceId:[51756f04-bf17-41e8-9bda-261ff76a63ee] msg:Incoming request: POST /api/v1/borrow
[error]: timestamp:2025-04-05 17:58:20 PM traceId:[51756f04-bf17-41e8-9bda-261ff76a63ee] msg: method: POST: /api/v1/borrow msg: Validation error!
[info]: timestamp:2025-04-05 17:58:22 PM traceId:[56ef5b58-3833-4445-94f2-b90767dd6a40] msg:Incoming request: POST /api/v1/borrow
[error]: timestamp:2025-04-05 17:58:22 PM traceId:[56ef5b58-3833-4445-94f2-b90767dd6a40] msg: method: POST: /api/v1/borrow msg: Validation error!
[info]: timestamp:2025-04-05 17:59:16 PM traceId:[16c9fa5c-5a01-49d1-bd49-ae1821bedbfd] msg:Incoming request: POST /api/v1/borrow
[error]: timestamp:2025-04-05 17:59:16 PM traceId:[16c9fa5c-5a01-49d1-bd49-ae1821bedbfd] msg: method: POST: /api/v1/borrow msg: Validation error!
[info]: timestamp:2025-04-05 17:59:17 PM traceId:[e4394c10-636a-4e01-93fe-f0f1cc9f5dc7] msg:Incoming request: POST /api/v1/borrow
[error]: timestamp:2025-04-05 17:59:17 PM traceId:[e4394c10-636a-4e01-93fe-f0f1cc9f5dc7] msg: method: POST: /api/v1/borrow msg: Validation error!
[info]: timestamp:2025-04-05 17:59:18 PM traceId:[416e0237-ef47-4d16-bad1-fe8ecb1581ed] msg:Incoming request: POST /api/v1/borrow
[error]: timestamp:2025-04-05 17:59:18 PM traceId:[416e0237-ef47-4d16-bad1-fe8ecb1581ed] msg: method: POST: /api/v1/borrow msg: Validation error!
[info]: timestamp:2025-04-05 17:59:44 PM traceId:[eae23ead-617b-499d-b91a-bd5820739c94] msg:Incoming request: POST /api/v1/borrow
[error]: timestamp:2025-04-05 17:59:44 PM traceId:[eae23ead-617b-499d-b91a-bd5820739c94] msg: method: POST: /api/v1/borrow msg: Validation error!
[info]: timestamp:2025-04-05 17:59:45 PM traceId:[75c70556-7d01-45c4-86e4-70e162f99221] msg:Incoming request: POST /api/v1/borrow
[error]: timestamp:2025-04-05 17:59:45 PM traceId:[75c70556-7d01-45c4-86e4-70e162f99221] msg: method: POST: /api/v1/borrow msg: Validation error!
[info]: timestamp:2025-04-05 17:59:46 PM traceId:[a4377320-7c63-460f-b17c-002be9492a9d] msg:Incoming request: POST /api/v1/borrow
[error]: timestamp:2025-04-05 17:59:46 PM traceId:[a4377320-7c63-460f-b17c-002be9492a9d] msg: method: POST: /api/v1/borrow msg: Validation error!
[info]: timestamp:2025-04-05 17:59:46 PM traceId:[10364295-5e11-436a-8181-849b8a3874d0] msg:Incoming request: POST /api/v1/borrow
[error]: timestamp:2025-04-05 17:59:46 PM traceId:[10364295-5e11-436a-8181-849b8a3874d0] msg: method: POST: /api/v1/borrow msg: Validation error!
[info]: timestamp:2025-04-05 17:59:47 PM traceId:[232de083-06f0-41b9-b896-4a5818b62032] msg:Incoming request: POST /api/v1/borrow
[error]: timestamp:2025-04-05 17:59:47 PM traceId:[232de083-06f0-41b9-b896-4a5818b62032] msg: method: POST: /api/v1/borrow msg: Validation error!
[info]: timestamp:2025-04-05 17:59:55 PM traceId:[da1093b7-7ff9-434b-8977-7767f1d1e4dc] msg:Incoming request: POST /api/v1/borrow
[error]: timestamp:2025-04-05 17:59:55 PM traceId:[da1093b7-7ff9-434b-8977-7767f1d1e4dc] msg: method: POST: /api/v1/borrow msg: Validation error!
[info]: timestamp:2025-04-05 17:59:56 PM traceId:[97efed4f-9531-4570-b159-3614048ddaa8] msg:Incoming request: POST /api/v1/borrow
[error]: timestamp:2025-04-05 17:59:56 PM traceId:[97efed4f-9531-4570-b159-3614048ddaa8] msg: method: POST: /api/v1/borrow msg: Validation error!
[info]: timestamp:2025-04-05 18:01:16 PM traceId:[142e275d-5f32-4e7f-82f9-2172cbc0ca04] msg:Incoming request: POST /api/v1/members
[info]: timestamp:2025-04-05 18:01:37 PM traceId:[2627792f-7642-4015-a7c6-1ec4cf4f3929] msg:Incoming request: POST /api/v1/borrow
[error]: timestamp:2025-04-05 18:01:37 PM traceId:[2627792f-7642-4015-a7c6-1ec4cf4f3929] msg: method: POST: /api/v1/borrow msg: Validation error!
[info]: timestamp:2025-04-05 18:01:39 PM traceId:[9dcc2c9b-1c8f-44d2-a23f-e31377133797] msg:Incoming request: POST /api/v1/borrow
[error]: timestamp:2025-04-05 18:01:39 PM traceId:[9dcc2c9b-1c8f-44d2-a23f-e31377133797] msg: method: POST: /api/v1/borrow msg: Validation error!
[info]: timestamp:2025-04-05 18:01:53 PM traceId:[94de8052-c7fa-41b6-b045-c2724989e8c9] msg:Incoming request: POST /api/v1/books
[info]: timestamp:2025-04-05 18:02:21 PM traceId:[d535a056-d0f1-442e-83b9-659110723252] msg:Incoming request: POST /api/v1/borrow
[error]: timestamp:2025-04-05 18:02:21 PM traceId:[d535a056-d0f1-442e-83b9-659110723252] msg: method: POST: /api/v1/borrow msg: 
Invalid `prisma.borrow.create()` invocation in
C:\Users\User\Desktop\ph-level2-assingment\8.library-management-system-test\src\app\v1\features\borrowBook\borrowBook.service.ts:7:42

  4 const createBorrowBookIntoDB = async (payload: TCreateBorrowBook) => {
  5   const { bookId, memberId } = payload;
  6   // Assuming you have a Prisma client instance available as `prisma`
→ 7   const borrowBook = await prisma.borrow.create(
Foreign key constraint violated: `borrows_memberId_fkey (index)`
[info]: timestamp:2025-04-05 18:03:22 PM traceId:[b34ef2e1-408d-48c4-862d-b2f73ef4c7bc] msg:Incoming request: POST /api/v1/borrow
[info]: timestamp:2025-04-05 18:06:10 PM traceId:[d08c31c7-6a13-48d0-a65b-4082f5423f1b] msg:Incoming request: POST /api/v1/borrow
[error]: timestamp:2025-04-05 18:06:11 PM traceId:[d08c31c7-6a13-48d0-a65b-4082f5423f1b] msg: method: POST: /api/v1/borrow msg: 
Invalid `prisma.borrow.create()` invocation in
C:\Users\User\Desktop\ph-level2-assingment\8.library-management-system-test\src\app\v1\features\borrowBook\borrowBook.service.ts:7:42

  4 const createBorrowBookIntoDB = async (payload: TCreateBorrowBook) => {
  5   const { bookId, memberId } = payload;
  6   // Assuming you have a Prisma client instance available as `prisma`
→ 7   const borrowBook = await prisma.borrow.create({
        data: {
          bookId: "b4d1a858-8ea4-4c44-b117-931b0076c26a",
          memberId: "8baee490-74ac-48ef-b87d-c1062c9367cd"
        },
        select: {
      ?   borrowId?: true,
      ?   borrowDate?: true,
      ?   returnDate?: true,
      ?   bookId?: true,
      ?   memberId?: true,
      ?   book?: true,
      ?   member?: true
        }
      })

The `select` statement for type Borrow needs at least one truthy value.
[info]: timestamp:2025-04-05 18:06:12 PM traceId:[b7095443-b242-451e-9ca0-d458898d2136] msg:Incoming request: POST /api/v1/borrow
[error]: timestamp:2025-04-05 18:06:12 PM traceId:[b7095443-b242-451e-9ca0-d458898d2136] msg: method: POST: /api/v1/borrow msg: 
Invalid `prisma.borrow.create()` invocation in
C:\Users\User\Desktop\ph-level2-assingment\8.library-management-system-test\src\app\v1\features\borrowBook\borrowBook.service.ts:7:42

  4 const createBorrowBookIntoDB = async (payload: TCreateBorrowBook) => {
  5   const { bookId, memberId } = payload;
  6   // Assuming you have a Prisma client instance available as `prisma`
→ 7   const borrowBook = await prisma.borrow.create({
        data: {
          bookId: "b4d1a858-8ea4-4c44-b117-931b0076c26a",
          memberId: "8baee490-74ac-48ef-b87d-c1062c9367cd"
        },
        select: {
      ?   borrowId?: true,
      ?   borrowDate?: true,
      ?   returnDate?: true,
      ?   bookId?: true,
      ?   memberId?: true,
      ?   book?: true,
      ?   member?: true
        }
      })

The `select` statement for type Borrow needs at least one truthy value.
[info]: timestamp:2025-04-05 18:06:15 PM traceId:[ceefb43b-42a9-4b5d-b8a3-d1b2e22deb58] msg:Incoming request: POST /api/v1/borrow
[error]: timestamp:2025-04-05 18:06:15 PM traceId:[ceefb43b-42a9-4b5d-b8a3-d1b2e22deb58] msg: method: POST: /api/v1/borrow msg: 
Invalid `prisma.borrow.create()` invocation in
C:\Users\User\Desktop\ph-level2-assingment\8.library-management-system-test\src\app\v1\features\borrowBook\borrowBook.service.ts:7:42

  4 const createBorrowBookIntoDB = async (payload: TCreateBorrowBook) => {
  5   const { bookId, memberId } = payload;
  6   // Assuming you have a Prisma client instance available as `prisma`
→ 7   const borrowBook = await prisma.borrow.create({
        data: {
          bookId: "b4d1a858-8ea4-4c44-b117-931b0076c26a",
          memberId: "8baee490-74ac-48ef-b87d-c1062c9367cd"
        },
        select: {
      ?   borrowId?: true,
      ?   borrowDate?: true,
      ?   returnDate?: true,
      ?   bookId?: true,
      ?   memberId?: true,
      ?   book?: true,
      ?   member?: true
        }
      })

The `select` statement for type Borrow needs at least one truthy value.
[info]: timestamp:2025-04-05 18:06:29 PM traceId:[d728849f-a7b3-428f-8ca3-e66e4b353122] msg:Incoming request: POST /api/v1/borrow
[error]: timestamp:2025-04-05 18:06:29 PM traceId:[d728849f-a7b3-428f-8ca3-e66e4b353122] msg: method: POST: /api/v1/borrow msg: 
Invalid `prisma.borrow.create()` invocation in
C:\Users\User\Desktop\ph-level2-assingment\8.library-management-system-test\src\app\v1\features\borrowBook\borrowBook.service.ts:7:42

  4 const createBorrowBookIntoDB = async (payload: TCreateBorrowBook) => {
  5   const { bookId, memberId } = payload;
  6   // Assuming you have a Prisma client instance available as `prisma`
→ 7   const borrowBook = await prisma.borrow.create({
        data: {
          bookId: "b4d1a858-8ea4-4c44-b117-931b0076c26a",
          memberId: "8baee490-74ac-48ef-b87d-c1062c9367cd"
        },
        select: {
      ?   borrowId?: true,
      ?   borrowDate?: true,
      ?   returnDate?: true,
      ?   bookId?: true,
      ?   memberId?: true,
      ?   book?: true,
      ?   member?: true
        }
      })

The `select` statement for type Borrow needs at least one truthy value.
[info]: timestamp:2025-04-05 18:06:33 PM traceId:[70fdcda3-ef0c-4d3b-a36d-9fd26c4d7323] msg:Incoming request: POST /api/v1/borrow
[error]: timestamp:2025-04-05 18:06:33 PM traceId:[70fdcda3-ef0c-4d3b-a36d-9fd26c4d7323] msg: method: POST: /api/v1/borrow msg: 
Invalid `prisma.borrow.create()` invocation in
C:\Users\User\Desktop\ph-level2-assingment\8.library-management-system-test\src\app\v1\features\borrowBook\borrowBook.service.ts:7:42

  4 const createBorrowBookIntoDB = async (payload: TCreateBorrowBook) => {
  5   const { bookId, memberId } = payload;
  6   // Assuming you have a Prisma client instance available as `prisma`
→ 7   const borrowBook = await prisma.borrow.create({
        data: {
          bookId: "b4d1a858-8ea4-4c44-b117-931b0076c26a",
          memberId: "8baee490-74ac-48ef-b87d-c1062c9367cd"
        },
        select: {
      ?   borrowId?: true,
      ?   borrowDate?: true,
      ?   returnDate?: true,
      ?   bookId?: true,
      ?   memberId?: true,
      ?   book?: true,
      ?   member?: true
        }
      })

The `select` statement for type Borrow needs at least one truthy value.
[info]: timestamp:2025-04-05 18:07:23 PM traceId:[34d88db7-6f57-455b-8509-d4dcfb81c4d7] msg:Incoming request: POST /api/v1/borrow
[error]: timestamp:2025-04-05 18:07:23 PM traceId:[34d88db7-6f57-455b-8509-d4dcfb81c4d7] msg: method: POST: /api/v1/borrow msg: 
Invalid `prisma.borrow.create()` invocation in
C:\Users\User\Desktop\ph-level2-assingment\8.library-management-system-test\src\app\v1\features\borrowBook\borrowBook.service.ts:7:42

  4 const createBorrowBookIntoDB = async (payload: TCreateBorrowBook) => {
  5   const { bookId, memberId } = payload;
  6   // Assuming you have a Prisma client instance available as `prisma`
→ 7   const borrowBook = await prisma.borrow.create({
        data: {
          bookId: "b4d1a858-8ea4-4c44-b117-931b0076c26a",
          memberId: "8baee490-74ac-48ef-b87d-c1062c9367cd"
        },
        select: {
      ?   borrowId?: true,
      ?   borrowDate?: true,
      ?   returnDate?: true,
      ?   bookId?: true,
      ?   memberId?: true,
      ?   book?: true,
      ?   member?: true
        }
      })

The `select` statement for type Borrow needs at least one truthy value.
[info]: timestamp:2025-04-05 18:10:58 PM traceId:[671f856b-b430-4d31-9efc-9c0b89794d40] msg:Incoming request: POST /api/v1/borrow
[info]: timestamp:2025-04-05 18:10:59 PM traceId:[b34b3543-74a5-4eb4-8dd9-9b2c3e7bcafb] msg:Incoming request: POST /api/v1/borrow
[error]: timestamp:2025-04-05 18:10:59 PM traceId:[b34b3543-74a5-4eb4-8dd9-9b2c3e7bcafb] msg: method: POST: /api/v1/borrow msg: 
Invalid `prisma.borrow.create()` invocation in
C:\Users\User\Desktop\ph-level2-assingment\8.library-management-system-test\src\app\v1\features\borrowBook\borrowBook.service.ts:7:42

  4 const createBorrowBookIntoDB = async (payload: TCreateBorrowBook) => {
  5   const { bookId, memberId } = payload;
  6   // Assuming you have a Prisma client instance available as `prisma`
→ 7   const borrowBook = await prisma.borrow.create(
Unique constraint failed on the fields: (`bookId`)
[info]: timestamp:2025-04-05 18:11:00 PM traceId:[f2f09cd1-1b54-431f-a00a-87e5e2759e18] msg:Incoming request: POST /api/v1/borrow
[error]: timestamp:2025-04-05 18:11:00 PM traceId:[f2f09cd1-1b54-431f-a00a-87e5e2759e18] msg: method: POST: /api/v1/borrow msg: 
Invalid `prisma.borrow.create()` invocation in
C:\Users\User\Desktop\ph-level2-assingment\8.library-management-system-test\src\app\v1\features\borrowBook\borrowBook.service.ts:7:42

  4 const createBorrowBookIntoDB = async (payload: TCreateBorrowBook) => {
  5   const { bookId, memberId } = payload;
  6   // Assuming you have a Prisma client instance available as `prisma`
→ 7   const borrowBook = await prisma.borrow.create(
Unique constraint failed on the fields: (`bookId`)
[info]: timestamp:2025-04-05 18:11:16 PM traceId:[aaa20bb8-5e01-45de-b6d1-3598c33b5303] msg:Incoming request: POST /api/v1/borrow
[info]: timestamp:2025-04-05 18:13:01 PM traceId:[e27aaaae-2bab-47ff-956c-bc9cd533ee26] msg:Incoming request: POST /api/v1/borrow
[error]: timestamp:2025-04-05 18:13:01 PM traceId:[e27aaaae-2bab-47ff-956c-bc9cd533ee26] msg: method: POST: /api/v1/borrow msg: 
Invalid `prisma.borrow.create()` invocation in
C:\Users\User\Desktop\ph-level2-assingment\8.library-management-system-test\src\app\v1\features\borrowBook\borrowBook.service.ts:7:42

  4 const createBorrowBookIntoDB = async (payload: TCreateBorrowBook) => {
  5   const { bookId, memberId } = payload;
  6   // Assuming you have a Prisma client instance available as `prisma`
→ 7   const borrowBook = await prisma.borrow.create(
Foreign key constraint violated: `borrows_memberId_fkey (index)`
[info]: timestamp:2025-04-05 18:15:15 PM traceId:[5566076a-9c1f-4768-95a2-51086385fb35] msg:Incoming request: POST /api/v1/borrow
[error]: timestamp:2025-04-05 18:15:15 PM traceId:[5566076a-9c1f-4768-95a2-51086385fb35] msg: method: POST: /api/v1/borrow msg: Validation error!
[info]: timestamp:2025-04-05 18:15:16 PM traceId:[64e90a27-8f00-4704-acc8-b6d0e42ab44c] msg:Incoming request: POST /api/v1/borrow
[error]: timestamp:2025-04-05 18:15:16 PM traceId:[64e90a27-8f00-4704-acc8-b6d0e42ab44c] msg: method: POST: /api/v1/borrow msg: Validation error!
[info]: timestamp:2025-04-05 18:15:36 PM traceId:[e6aad8a6-9cc4-465e-a7d3-09ae31be568e] msg:Incoming request: POST /api/v1/borrow
[error]: timestamp:2025-04-05 18:15:36 PM traceId:[e6aad8a6-9cc4-465e-a7d3-09ae31be568e] msg: method: POST: /api/v1/borrow msg: Validation error!
[info]: timestamp:2025-04-05 18:15:37 PM traceId:[2c99af7d-f61e-4890-8217-2e3104309db2] msg:Incoming request: POST /api/v1/borrow
[error]: timestamp:2025-04-05 18:15:37 PM traceId:[2c99af7d-f61e-4890-8217-2e3104309db2] msg: method: POST: /api/v1/borrow msg: Validation error!
[info]: timestamp:2025-04-05 18:15:38 PM traceId:[a126e150-49f7-456d-9e65-28014fd3cc87] msg:Incoming request: POST /api/v1/borrow
[error]: timestamp:2025-04-05 18:15:38 PM traceId:[a126e150-49f7-456d-9e65-28014fd3cc87] msg: method: POST: /api/v1/borrow msg: Validation error!
[info]: timestamp:2025-04-05 18:16:05 PM traceId:[3f3fe5e3-c0ed-4986-b043-b6448f20b917] msg:Incoming request: POST /api/v1/borrow
[error]: timestamp:2025-04-05 18:16:06 PM traceId:[3f3fe5e3-c0ed-4986-b043-b6448f20b917] msg: method: POST: /api/v1/borrow msg: Validation error!
[info]: timestamp:2025-04-05 18:16:06 PM traceId:[33f9bbe3-ab9b-40b6-9d19-b35d21a6654c] msg:Incoming request: POST /api/v1/borrow
[error]: timestamp:2025-04-05 18:16:06 PM traceId:[33f9bbe3-ab9b-40b6-9d19-b35d21a6654c] msg: method: POST: /api/v1/borrow msg: Validation error!
[info]: timestamp:2025-04-05 18:16:08 PM traceId:[28895492-93d1-40c3-9af1-b25af133bf66] msg:Incoming request: POST /api/v1/borrow
[error]: timestamp:2025-04-05 18:16:08 PM traceId:[28895492-93d1-40c3-9af1-b25af133bf66] msg: method: POST: /api/v1/borrow msg: Validation error!
[info]: timestamp:2025-04-05 18:33:46 PM traceId:[6e262587-a93a-4f9e-8f69-44cf6ebd2cb3] msg:Incoming request: POST /api/v1/borrow
[error]: timestamp:2025-04-05 18:33:46 PM traceId:[6e262587-a93a-4f9e-8f69-44cf6ebd2cb3] msg: method: POST: /api/v1/borrow msg: Validation error!
[info]: timestamp:2025-04-05 18:33:47 PM traceId:[3258757e-1933-430c-9e3f-da1631d04ac9] msg:Incoming request: POST /api/v1/borrow
[error]: timestamp:2025-04-05 18:33:47 PM traceId:[3258757e-1933-430c-9e3f-da1631d04ac9] msg: method: POST: /api/v1/borrow msg: Validation error!
[info]: timestamp:2025-04-05 18:33:52 PM traceId:[723af912-3966-4894-b386-ce25997bd7b7] msg:Incoming request: POST /api/v1/borrow
[info]: timestamp:2025-04-05 18:38:02 PM traceId:[741fb6fe-ef11-493b-88d2-e5c1381b3164] msg:Incoming request: POST /api/v1/borrow
[error]: timestamp:2025-04-05 18:38:03 PM traceId:[741fb6fe-ef11-493b-88d2-e5c1381b3164] msg: method: POST: /api/v1/borrow msg: 
Invalid `prisma.$queryRaw()` invocation:


Raw query failed. Code: `42P01`. Message: `relation "borrow" does not exist`
[info]: timestamp:2025-04-05 18:38:04 PM traceId:[a1c501cc-423a-4e3c-98b3-9ddf39827553] msg:Incoming request: POST /api/v1/borrow
[error]: timestamp:2025-04-05 18:38:04 PM traceId:[a1c501cc-423a-4e3c-98b3-9ddf39827553] msg: method: POST: /api/v1/borrow msg: 
Invalid `prisma.$queryRaw()` invocation:


Raw query failed. Code: `42P01`. Message: `relation "borrow" does not exist`
[info]: timestamp:2025-04-05 18:38:18 PM traceId:[5e5d3160-22c1-4496-a6a2-72cd18b1b8e6] msg:Incoming request: POST /api/v1/borrow
[error]: timestamp:2025-04-05 18:38:18 PM traceId:[5e5d3160-22c1-4496-a6a2-72cd18b1b8e6] msg: method: POST: /api/v1/borrow msg: 
Invalid `prisma.$queryRaw()` invocation:


Raw query failed. Code: `42P01`. Message: `relation "borrow" does not exist`
[info]: timestamp:2025-04-05 18:38:20 PM traceId:[3a9ee74b-7cd4-4138-8697-fab03794ce3d] msg:Incoming request: POST /api/v1/borrow
[error]: timestamp:2025-04-05 18:38:20 PM traceId:[3a9ee74b-7cd4-4138-8697-fab03794ce3d] msg: method: POST: /api/v1/borrow msg: 
Invalid `prisma.$queryRaw()` invocation:


Raw query failed. Code: `42P01`. Message: `relation "borrow" does not exist`
[info]: timestamp:2025-04-05 18:38:22 PM traceId:[377a3826-641b-4646-85bb-fad2a5d6be02] msg:Incoming request: POST /api/v1/borrow
[error]: timestamp:2025-04-05 18:38:22 PM traceId:[377a3826-641b-4646-85bb-fad2a5d6be02] msg: method: POST: /api/v1/borrow msg: 
Invalid `prisma.$queryRaw()` invocation:


Raw query failed. Code: `42P01`. Message: `relation "borrow" does not exist`
[info]: timestamp:2025-04-05 18:38:50 PM traceId:[4e562ef8-c22b-4831-87be-451d0ad435ec] msg:Incoming request: POST /api/v1/borrow
[error]: timestamp:2025-04-05 18:38:50 PM traceId:[4e562ef8-c22b-4831-87be-451d0ad435ec] msg: method: POST: /api/v1/borrow msg: 
Invalid `prisma.$queryRaw()` invocation:


Raw query failed. Code: `23502`. Message: `Failing row contains (null, 2025-04-05 18:38:50.326, null, b4d1a858-8ea4-4c44-b117-931b0076c26a, 8baee490-74ac-48ef-b87d-c1062c9367cd).`
[info]: timestamp:2025-04-05 18:38:51 PM traceId:[9bc949d4-fe06-468c-93dc-ed66e702c150] msg:Incoming request: POST /api/v1/borrow
[error]: timestamp:2025-04-05 18:38:51 PM traceId:[9bc949d4-fe06-468c-93dc-ed66e702c150] msg: method: POST: /api/v1/borrow msg: 
Invalid `prisma.$queryRaw()` invocation:


Raw query failed. Code: `23502`. Message: `Failing row contains (null, 2025-04-05 18:38:51.796, null, b4d1a858-8ea4-4c44-b117-931b0076c26a, 8baee490-74ac-48ef-b87d-c1062c9367cd).`
[info]: timestamp:2025-04-05 18:39:55 PM traceId:[18bab1d6-cc16-4ef9-a425-c353dba4e2fe] msg:Incoming request: POST /api/v1/borrow
[error]: timestamp:2025-04-05 18:39:56 PM traceId:[18bab1d6-cc16-4ef9-a425-c353dba4e2fe] msg: method: POST: /api/v1/borrow msg: 
Invalid `prisma.$queryRaw()` invocation:


Raw query failed. Code: `23502`. Message: `Failing row contains (null, 2025-04-05 18:39:56.1, null, b4d1a858-8ea4-4c44-b117-931b0076c26a, 8baee490-74ac-48ef-b87d-c1062c9367cd).`
[info]: timestamp:2025-04-05 18:46:54 PM traceId:[d0a90fee-6479-474e-9e03-57533d47aba0] msg:Incoming request: POST /api/v1/borrow
[error]: timestamp:2025-04-05 18:46:54 PM traceId:[d0a90fee-6479-474e-9e03-57533d47aba0] msg: method: POST: /api/v1/borrow msg: 
Invalid `prisma.$queryRaw()` invocation:


Raw query failed. Code: `42703`. Message: `column "uuid_generate_v4()" does not exist`
[info]: timestamp:2025-04-05 18:47:15 PM traceId:[3561307f-9aff-41b9-9ed1-44dd66fb4cf3] msg:Incoming request: POST /api/v1/borrow
[error]: timestamp:2025-04-05 18:47:15 PM traceId:[3561307f-9aff-41b9-9ed1-44dd66fb4cf3] msg: method: POST: /api/v1/borrow msg: 
Invalid `prisma.$queryRaw()` invocation:


Raw query failed. Code: `42883`. Message: `ERROR: function uuid_generate_v4() does not exist
HINT: No function matches the given name and argument types. You might need to add explicit type casts.`
[info]: timestamp:2025-04-05 18:47:39 PM traceId:[d4ded4da-46ed-4231-ac7a-b558c782e960] msg:Incoming request: POST /api/v1/borrow
[error]: timestamp:2025-04-05 18:47:39 PM traceId:[d4ded4da-46ed-4231-ac7a-b558c782e960] msg: method: POST: /api/v1/borrow msg: 
Invalid `prisma.$queryRaw()` invocation:


Raw query failed. Code: `42883`. Message: `ERROR: function generate_uuid_v4() does not exist
HINT: No function matches the given name and argument types. You might need to add explicit type casts.`
[info]: timestamp:2025-04-05 18:47:40 PM traceId:[8b797326-8297-4343-8b92-4a27fc6ad56c] msg:Incoming request: POST /api/v1/borrow
[error]: timestamp:2025-04-05 18:47:40 PM traceId:[8b797326-8297-4343-8b92-4a27fc6ad56c] msg: method: POST: /api/v1/borrow msg: 
Invalid `prisma.$queryRaw()` invocation:


Raw query failed. Code: `42883`. Message: `ERROR: function generate_uuid_v4() does not exist
HINT: No function matches the given name and argument types. You might need to add explicit type casts.`
[info]: timestamp:2025-04-05 18:49:10 PM traceId:[0cdfff87-e50d-4b86-a485-2ac61dd823b6] msg:Incoming request: POST /api/v1/borrow
[info]: timestamp:2025-04-05 18:49:26 PM traceId:[28461656-3a25-4d47-b79a-0924f2e6b6af] msg:Incoming request: POST /api/v1/borrow
[info]: timestamp:2025-04-05 18:51:28 PM traceId:[34b43b06-886d-4044-a682-8798714fdc00] msg:Incoming request: POST /api/v1/borrow
[error]: timestamp:2025-04-05 18:51:28 PM traceId:[34b43b06-886d-4044-a682-8798714fdc00] msg: method: POST: /api/v1/borrow msg: 
Invalid `prisma.$queryRaw()` invocation:


Raw query failed. Code: `23505`. Message: `Key ("bookId")=(b4d1a858-8ea4-4c44-b117-931b0076c26a) already exists.`
[info]: timestamp:2025-04-05 18:51:33 PM traceId:[9f2d4139-6842-4536-bdf5-4add9cc67507] msg:Incoming request: POST /api/v1/borrow
[error]: timestamp:2025-04-05 18:51:33 PM traceId:[9f2d4139-6842-4536-bdf5-4add9cc67507] msg: method: POST: /api/v1/borrow msg: 
Invalid `prisma.$queryRaw()` invocation:


Raw query failed. Code: `23505`. Message: `Key ("bookId")=(b4d1a858-8ea4-4c44-b117-931b0076c26a) already exists.`
[info]: timestamp:2025-04-05 18:51:35 PM traceId:[73a4867b-1c07-414a-bf15-37ab82836a2b] msg:Incoming request: POST /api/v1/borrow
[error]: timestamp:2025-04-05 18:51:35 PM traceId:[73a4867b-1c07-414a-bf15-37ab82836a2b] msg: method: POST: /api/v1/borrow msg: 
Invalid `prisma.$queryRaw()` invocation:


Raw query failed. Code: `23505`. Message: `Key ("bookId")=(b4d1a858-8ea4-4c44-b117-931b0076c26a) already exists.`
[info]: timestamp:2025-04-05 18:53:23 PM traceId:[7f79814d-444b-422c-9342-b0f0d7542ecf] msg:Incoming request: POST /api/v1/borrow
[info]: timestamp:2025-04-05 18:54:14 PM traceId:[84dd5f4c-9544-4ff7-a1c1-e3f89c57dc61] msg:Incoming request: POST /api/v1/borrow
[error]: timestamp:2025-04-05 18:54:14 PM traceId:[84dd5f4c-9544-4ff7-a1c1-e3f89c57dc61] msg: method: POST: /api/v1/borrow msg: 
Invalid `prisma.$queryRaw()` invocation:


Raw query failed. Code: `23505`. Message: `Key ("bookId")=(b4d1a858-8ea4-4c44-b117-931b0076c26a) already exists.`
[info]: timestamp:2025-04-05 18:54:29 PM traceId:[7a071eda-542a-4116-b6ef-8bc3da2aa474] msg:Incoming request: POST /api/v1/borrow
[error]: timestamp:2025-04-05 18:54:29 PM traceId:[7a071eda-542a-4116-b6ef-8bc3da2aa474] msg: method: POST: /api/v1/borrow msg: Validation error!
[info]: timestamp:2025-04-05 18:54:31 PM traceId:[bfc844a0-3980-4dd0-9a5d-e5ad71b50b66] msg:Incoming request: POST /api/v1/borrow
[error]: timestamp:2025-04-05 18:54:31 PM traceId:[bfc844a0-3980-4dd0-9a5d-e5ad71b50b66] msg: method: POST: /api/v1/borrow msg: Validation error!
[info]: timestamp:2025-04-05 19:37:40 PM traceId:[6bad5abe-f9c5-4beb-a4d2-3d03d4f43d5b] msg:Incoming request: PATCH /api/v1/return/ahsad
[error]: timestamp:2025-04-05 19:37:41 PM traceId:[6bad5abe-f9c5-4beb-a4d2-3d03d4f43d5b] msg: method: PATCH: /api/v1/return/ahsad msg: Validation error!
[info]: timestamp:2025-04-05 19:37:42 PM traceId:[deb5c7f9-ff21-42d2-b70f-10ea718a57d6] msg:Incoming request: PATCH /api/v1/return/ahsad
[error]: timestamp:2025-04-05 19:37:42 PM traceId:[deb5c7f9-ff21-42d2-b70f-10ea718a57d6] msg: method: PATCH: /api/v1/return/ahsad msg: Validation error!
[info]: timestamp:2025-04-05 19:37:43 PM traceId:[c16135b2-08b9-4043-9916-e08f9a767193] msg:Incoming request: PATCH /api/v1/return/ahsad
[error]: timestamp:2025-04-05 19:37:43 PM traceId:[c16135b2-08b9-4043-9916-e08f9a767193] msg: method: PATCH: /api/v1/return/ahsad msg: Validation error!
[info]: timestamp:2025-04-05 19:37:57 PM traceId:[21e06c0b-66e6-4efd-84f6-7c4064aea78c] msg:Incoming request: PATCH /api/v1/return/dad2c292-d500-4e29-a230-d535d253af21
[info]: timestamp:2025-04-05 19:37:59 PM traceId:[a1c12a91-7fa7-4742-8138-db32bcbc3582] msg:Incoming request: PATCH /api/v1/return/dad2c292-d500-4e29-a230-d535d253af21
[info]: timestamp:2025-04-05 23:16:38 PM traceId:[0f463017-5ee2-4445-9fc2-0ee6f8470b51] msg:Incoming request: PATCH /api/v1/return/dad2c292-d500-4e29-a230-d535d253af21
[info]: timestamp:2025-04-05 23:16:39 PM traceId:[133500d9-3b65-4206-b38d-65ef5c27c8f6] msg:Incoming request: PATCH /api/v1/return/dad2c292-d500-4e29-a230-d535d253af21
[info]: timestamp:2025-04-12 08:49:59 AM traceId:[93fcc214-580d-4725-8c60-cd0f7546008b] msg:Incoming request: GET /api-docs/v1
[info]: timestamp:2025-04-12 08:49:59 AM traceId:[8cd05f45-3118-4139-9c6d-7ef224fd23b2] msg:Incoming request: GET /api-docs/v1/
[info]: timestamp:2025-04-12 08:50:00 AM traceId:[33fa2341-13b9-42ba-8d2c-dc07d863bc06] msg:Incoming request: GET /api-docs/v1/swagger-ui.css
[info]: timestamp:2025-04-12 08:50:00 AM traceId:[e9335eb0-8852-4714-951e-b3cbb1398def] msg:Incoming request: GET /api-docs/v1/swagger-ui-bundle.js
[info]: timestamp:2025-04-12 08:50:00 AM traceId:[d68f96b3-f2d2-4082-b2e7-97cb9b95fb48] msg:Incoming request: GET /api-docs/v1/swagger-ui-standalone-preset.js
[info]: timestamp:2025-04-12 08:50:00 AM traceId:[fbb4d9d7-55b1-4103-9d71-82e510c65c7a] msg:Incoming request: GET /api-docs/v1/swagger-ui-init.js
[info]: timestamp:2025-04-12 08:50:00 AM traceId:[913f52df-ea65-44db-94ad-5b5173a06e8b] msg:Incoming request: GET /api-docs/v1/favicon-32x32.png
[info]: timestamp:2025-04-12 09:09:50 AM traceId:[e7222059-8545-4e32-be8e-b0de0ef4e517] msg:Incoming request: GET /api-docs/v1/
[info]: timestamp:2025-04-12 09:09:50 AM traceId:[f3020061-c3c0-40a9-9947-bae3b73a96a6] msg:Incoming request: GET /api-docs/v1/swagger-ui-standalone-preset.js
[info]: timestamp:2025-04-12 09:09:50 AM traceId:[818d3d19-287f-4e2c-8b2d-9eca92ee67f8] msg:Incoming request: GET /api-docs/v1/swagger-ui.css
[info]: timestamp:2025-04-12 09:09:50 AM traceId:[3c126f9d-ec85-4136-a455-4acbddf8ca4e] msg:Incoming request: GET /api-docs/v1/swagger-ui-bundle.js
[info]: timestamp:2025-04-12 09:09:50 AM traceId:[ff562b22-88b1-46ce-a08a-237adb967760] msg:Incoming request: GET /api-docs/v1/swagger-ui-init.js
[info]: timestamp:2025-04-12 09:09:50 AM traceId:[fd71a12d-6f65-4cb1-8de0-ca3cf3328297] msg:Incoming request: GET /api-docs/v1/favicon-32x32.png
[info]: timestamp:2025-04-12 09:09:55 AM traceId:[3d887540-a8e1-4601-ae6c-d2829b4f0fa6] msg:Incoming request: GET /api-docs/v1/
[info]: timestamp:2025-04-12 09:09:55 AM traceId:[e2c79bbd-89df-480c-9f50-ed13af9e9be3] msg:Incoming request: GET /api-docs/v1/swagger-ui.css
[info]: timestamp:2025-04-12 09:09:55 AM traceId:[1826cc37-988d-40d9-80a7-d07ccad70587] msg:Incoming request: GET /api-docs/v1/swagger-ui-bundle.js
[info]: timestamp:2025-04-12 09:09:55 AM traceId:[331ecb5e-2420-4628-b1c2-66b8c17d818d] msg:Incoming request: GET /api-docs/v1/swagger-ui-standalone-preset.js
[info]: timestamp:2025-04-12 09:09:55 AM traceId:[aa9e7a96-505b-4f2e-8ce3-bdb4b08da4a8] msg:Incoming request: GET /api-docs/v1/swagger-ui-init.js
[info]: timestamp:2025-04-12 09:09:55 AM traceId:[063ab6d9-bf4e-4bf4-92c0-095587d864a1] msg:Incoming request: GET /api-docs/v1/favicon-32x32.png
[info]: timestamp:2025-04-12 09:10:09 AM traceId:[3013556d-8b08-47c4-aeea-7724a59039e7] msg:Incoming request: GET /api-docs/v1/
[info]: timestamp:2025-04-12 09:10:09 AM traceId:[479d502c-9a06-4e6c-aa18-d07c54f45ec1] msg:Incoming request: GET /api-docs/v1/swagger-ui.css
[info]: timestamp:2025-04-12 09:10:09 AM traceId:[aa486563-d2f0-4624-b3ee-8a66c62a0669] msg:Incoming request: GET /api-docs/v1/swagger-ui-bundle.js
[info]: timestamp:2025-04-12 09:10:09 AM traceId:[b7f7ec81-9cae-444f-9527-565c21367f18] msg:Incoming request: GET /api-docs/v1/swagger-ui-standalone-preset.js
[info]: timestamp:2025-04-12 09:10:09 AM traceId:[b6361f60-b87d-4bce-aa8a-31f0cb95ba1f] msg:Incoming request: GET /api-docs/v1/swagger-ui-init.js
[info]: timestamp:2025-04-12 09:10:10 AM traceId:[dc4fd98d-4078-446e-bf17-eba98edc9c1f] msg:Incoming request: GET /api-docs/v1/favicon-32x32.png
[info]: timestamp:2025-04-12 09:10:40 AM traceId:[1b93d450-f505-41f9-80e7-0d07f05e0cd4] msg:Incoming request: GET /api-docs/v1/
[info]: timestamp:2025-04-12 09:10:40 AM traceId:[396bee29-dfe8-46e0-b37d-5d8a85e98ac1] msg:Incoming request: GET /api-docs/v1/swagger-ui.css
[info]: timestamp:2025-04-12 09:10:40 AM traceId:[5e507ca3-68e5-4ccc-8d94-ff9af605db1a] msg:Incoming request: GET /api-docs/v1/swagger-ui-bundle.js
[info]: timestamp:2025-04-12 09:10:40 AM traceId:[7f754947-5651-445c-aed7-76e9cfa8df6e] msg:Incoming request: GET /api-docs/v1/swagger-ui-standalone-preset.js
[info]: timestamp:2025-04-12 09:10:40 AM traceId:[f07cbca8-1f17-45c7-aa96-381c98fda68b] msg:Incoming request: GET /api-docs/v1/swagger-ui-init.js
[info]: timestamp:2025-04-12 09:10:40 AM traceId:[dae00756-7384-48ac-8443-89c3d6110caa] msg:Incoming request: GET /api-docs/v1/favicon-32x32.png
[info]: timestamp:2025-04-12 10:31:48 AM traceId:[bdc824f6-9f4b-4c65-81ca-758c71ed4b41] msg:Incoming request: GET /api-docs/v1/
[info]: timestamp:2025-04-12 10:31:49 AM traceId:[d0901dfb-c6ac-4df4-8dc2-14379a25d817] msg:Incoming request: GET /api-docs/v1/swagger-ui.css
[info]: timestamp:2025-04-12 10:31:49 AM traceId:[b2e1d258-1dde-46bf-8e36-f83547fb8fac] msg:Incoming request: GET /api-docs/v1/swagger-ui-bundle.js
[info]: timestamp:2025-04-12 10:31:49 AM traceId:[a391d76f-657d-4ec8-8559-2b3e276d202d] msg:Incoming request: GET /api-docs/v1/swagger-ui-init.js
[info]: timestamp:2025-04-12 10:31:49 AM traceId:[295eba08-41db-4e16-9d7e-77c9c835c59c] msg:Incoming request: GET /api-docs/v1/swagger-ui-standalone-preset.js
[info]: timestamp:2025-04-12 10:31:49 AM traceId:[7ca06c33-dec1-4924-80d9-63f75044fcab] msg:Incoming request: GET /api-docs/v1/favicon-32x32.png
[info]: timestamp:2025-04-12 10:32:09 AM traceId:[28fc6d58-63b3-45b5-a127-0e98866d6b81] msg:Incoming request: GET /api-docs/v1/
[info]: timestamp:2025-04-12 10:32:09 AM traceId:[5d8acc1f-845a-48bc-8c08-eacebec8bc6a] msg:Incoming request: GET /api-docs/v1/swagger-ui.css
[info]: timestamp:2025-04-12 10:32:09 AM traceId:[04eaea7d-73e1-4e7d-8b69-94e09f9b9e3b] msg:Incoming request: GET /api-docs/v1/swagger-ui-bundle.js
[info]: timestamp:2025-04-12 10:32:09 AM traceId:[ea618e39-720a-4323-9f2e-04079b1fb07a] msg:Incoming request: GET /api-docs/v1/swagger-ui-standalone-preset.js
[info]: timestamp:2025-04-12 10:32:09 AM traceId:[805af866-ece3-469d-9000-9287a803c9f5] msg:Incoming request: GET /api-docs/v1/swagger-ui-init.js
[info]: timestamp:2025-04-12 10:32:09 AM traceId:[31076ea6-68ac-416a-999d-f105e9623fc8] msg:Incoming request: GET /api-docs/v1/favicon-32x32.png
[info]: timestamp:2025-04-12 10:32:17 AM traceId:[c24355f7-ccbf-41b4-b35b-2789ddd23f9e] msg:Incoming request: GET /api-docs/v1/
[info]: timestamp:2025-04-12 10:32:17 AM traceId:[63192bfc-a81f-4ea4-802e-f060e0aadbcf] msg:Incoming request: GET /api-docs/v1/swagger-ui.css
[info]: timestamp:2025-04-12 10:32:17 AM traceId:[41bf47b8-8402-4025-a3cb-f42f606d1023] msg:Incoming request: GET /api-docs/v1/swagger-ui-bundle.js
[info]: timestamp:2025-04-12 10:32:17 AM traceId:[0044b1b8-d79e-4c8d-af2a-9248a8606d9f] msg:Incoming request: GET /api-docs/v1/swagger-ui-standalone-preset.js
[info]: timestamp:2025-04-12 10:32:17 AM traceId:[f6a4d208-94d4-441d-b40b-1e63b0383f27] msg:Incoming request: GET /api-docs/v1/swagger-ui-init.js
[info]: timestamp:2025-04-12 10:32:17 AM traceId:[e3a51b31-0a21-49b3-955e-f6fa0de8e668] msg:Incoming request: GET /api-docs/v1/favicon-32x32.png
[info]: timestamp:2025-04-12 10:32:26 AM traceId:[8c9a8234-4ff1-4a21-8ae1-697eb62c34e8] msg:Incoming request: GET /api-docs/v1/
[info]: timestamp:2025-04-12 10:32:26 AM traceId:[1dbdeb4a-1af6-4d2b-9a0d-dde7fb40d755] msg:Incoming request: GET /api-docs/v1/swagger-ui.css
[info]: timestamp:2025-04-12 10:32:26 AM traceId:[68090247-2154-470b-8294-520d2852ba54] msg:Incoming request: GET /api-docs/v1/swagger-ui-bundle.js
[info]: timestamp:2025-04-12 10:32:26 AM traceId:[af387af5-8d01-4dfc-90b4-bf170d40bf4f] msg:Incoming request: GET /api-docs/v1/swagger-ui-standalone-preset.js
[info]: timestamp:2025-04-12 10:32:26 AM traceId:[c9c51c29-2dd2-441b-b53b-a323886d8d07] msg:Incoming request: GET /api-docs/v1/swagger-ui-init.js
[info]: timestamp:2025-04-12 10:32:26 AM traceId:[8e4d6195-d131-42e5-ab84-831accad3a50] msg:Incoming request: GET /api-docs/v1/favicon-32x32.png
