[error]: timestamp:2025-04-04 11:42:02 AM traceId:[e6671e3b-3df5-45ca-9860-bed1a905f5be] msg: method: PATCH: /api/v1/members/9b05bafa-4dc0-4442-b932-a291a75fc2 msg: Validation error!
[error]: timestamp:2025-04-04 11:42:04 AM traceId:[8156e424-6086-49b4-900b-16d998219ac2] msg: method: PATCH: /api/v1/members/9b05bafa-4dc0-4442-b932-a291a75fc2 msg: Validation error!
[error]: timestamp:2025-04-04 11:42:13 AM traceId:[f381b664-a5d9-49c8-b40d-a5f7fee2861d] msg: method: PATCH: /api/v1/members/9b05bafa-4dc0-4442-b932-a291a75fc254 msg: 
Invalid `prisma.$queryRaw()` invocation:


Raw query failed. Code: `23502`. Message: `Failing row contains (9b05bafa-4dc0-4442-b932-a291a75fc254, null, null, null, 2025-04-02 11:58:52.921).`
[error]: timestamp:2025-04-04 11:42:16 AM traceId:[27c8ad97-5cc3-4531-8710-27d281a7db6d] msg: method: PATCH: /api/v1/members/9b05bafa-4dc0-4442-b932-a291a75fc254 msg: 
Invalid `prisma.$queryRaw()` invocation:


Raw query failed. Code: `23502`. Message: `Failing row contains (9b05bafa-4dc0-4442-b932-a291a75fc254, null, null, null, 2025-04-02 11:58:52.921).`
[error]: timestamp:2025-04-04 12:01:13 PM traceId:[a5a3c660-7b32-4c51-941a-558c85c2ee96] msg: method: PATCH: /api/v1/members/9b05bafa-4dc0-4442-b932-a291a75fc254 msg: 
Invalid `prisma.$queryRaw()` invocation:


Raw query failed. Code: `23502`. Message: `Failing row contains (9b05bafa-4dc0-4442-b932-a291a75fc254, null, null, null, 2025-04-02 11:58:52.921).`
[error]: timestamp:2025-04-04 12:01:26 PM traceId:[5c9caa0d-924e-41b5-a59e-8296e53c77b8] msg: method: PATCH: /api/v1/members/9b05bafa-4dc0-4442-b932-a291a75fc254 msg: 
Invalid `prisma.$queryRaw()` invocation:


Raw query failed. Code: `23502`. Message: `Failing row contains (9b05bafa-4dc0-4442-b932-a291a75fc254, null, null, null, 2025-04-02 11:58:52.921).`
[error]: timestamp:2025-04-04 12:01:31 PM traceId:[7743e4b7-0b57-4f2f-aaad-27bf7d15ab66] msg: method: PATCH: /api/v1/members/9b05bafa-4dc0-4442-b932-a291a75fc254 msg: 
Invalid `prisma.$queryRaw()` invocation:


Raw query failed. Code: `23502`. Message: `Failing row contains (9b05bafa-4dc0-4442-b932-a291a75fc254, null, null, null, 2025-04-02 11:58:52.921).`
[error]: timestamp:2025-04-04 12:02:02 PM traceId:[5649305f-8b4c-4d96-b243-efc07c601278] msg: method: PATCH: /api/v1/members/9b05bafa-4dc0-4442-b932-a291a75fc254 msg: 
Invalid `prisma.$queryRaw()` invocation:


Raw query failed. Code: `23502`. Message: `Failing row contains (9b05bafa-4dc0-4442-b932-a291a75fc254, null, null, null, 2025-04-02 11:58:52.921).`
[error]: timestamp:2025-04-04 12:02:03 PM traceId:[42ffef1b-a2be-40ed-9d45-d0e77d12d946] msg: method: PATCH: /api/v1/members/9b05bafa-4dc0-4442-b932-a291a75fc254 msg: 
Invalid `prisma.$queryRaw()` invocation:


Raw query failed. Code: `23502`. Message: `Failing row contains (9b05bafa-4dc0-4442-b932-a291a75fc254, null, null, null, 2025-04-02 11:58:52.921).`
[error]: timestamp:2025-04-04 12:02:05 PM traceId:[f2595059-d2f9-4d13-9efb-b5a1513c7e5c] msg: method: PATCH: /api/v1/members/9b05bafa-4dc0-4442-b932-a291a75fc254 msg: 
Invalid `prisma.$queryRaw()` invocation:


Raw query failed. Code: `23502`. Message: `Failing row contains (9b05bafa-4dc0-4442-b932-a291a75fc254, null, null, null, 2025-04-02 11:58:52.921).`
[error]: timestamp:2025-04-04 12:02:06 PM traceId:[eef7cfb5-fe37-44bc-b182-b6a111a15dfc] msg: method: PATCH: /api/v1/members/9b05bafa-4dc0-4442-b932-a291a75fc254 msg: 
Invalid `prisma.$queryRaw()` invocation:


Raw query failed. Code: `23502`. Message: `Failing row contains (9b05bafa-4dc0-4442-b932-a291a75fc254, null, null, null, 2025-04-02 11:58:52.921).`
[error]: timestamp:2025-04-04 12:02:06 PM traceId:[8ed8bd00-eec2-4b78-b529-2e71cfd65e20] msg: method: PATCH: /api/v1/members/9b05bafa-4dc0-4442-b932-a291a75fc254 msg: 
Invalid `prisma.$queryRaw()` invocation:


Raw query failed. Code: `23502`. Message: `Failing row contains (9b05bafa-4dc0-4442-b932-a291a75fc254, null, null, null, 2025-04-02 11:58:52.921).`
[error]: timestamp:2025-04-04 12:05:27 PM traceId:[1be3a177-2d49-44b4-91c1-4c31623e6ca6] msg: method: PATCH: /api/v1/members/9b05bafa-4dc0-4442-b932-a291a75fc254 msg: 
Invalid `prisma.$queryRaw()` invocation:


Raw query failed. Code: `23502`. Message: `Failing row contains (9b05bafa-4dc0-4442-b932-a291a75fc254, Unknown, null, null, 2025-04-02 11:58:52.921).`
[error]: timestamp:2025-04-04 15:10:39 PM traceId:[fae93d37-d831-455f-aa25-276e0284bf8e] msg: method: PATCH: /api/v1/members/9b05bafa-4dc0-4442-b932-a291a75fc254 msg: No valid fields to update
[error]: timestamp:2025-04-04 15:10:41 PM traceId:[765eb070-0541-4fef-8e79-8b1c9c99947b] msg: method: PATCH: /api/v1/members/9b05bafa-4dc0-4442-b932-a291a75fc254 msg: No valid fields to update
[error]: timestamp:2025-04-04 15:10:42 PM traceId:[fc8bc617-f2f4-4c7c-a753-acb272b44a03] msg: method: PATCH: /api/v1/members/9b05bafa-4dc0-4442-b932-a291a75fc254 msg: No valid fields to update
[error]: timestamp:2025-04-04 15:10:43 PM traceId:[c7b2a4a8-ceed-4e14-85a7-1c94e08eb3bf] msg: method: PATCH: /api/v1/members/9b05bafa-4dc0-4442-b932-a291a75fc254 msg: No valid fields to update
[error]: timestamp:2025-04-04 15:27:28 PM traceId:[e16650e3-57b0-41e3-b304-458ff9627051] msg: method: PATCH: /api/v1/members/9b05bafa-4dc0-4442-b932-a291a75fc254 msg: 
Invalid `prisma.$queryRaw()` invocation:


Raw query failed. Code: `42601`. Message: `ERROR: syntax error at or near "$1"`
[error]: timestamp:2025-04-04 15:30:23 PM traceId:[288493d7-63cf-47e6-9c44-bf2fc6b150f6] msg: method: PATCH: /api/v1/members/9b05bafa-4dc0-4442-b932-a291a75fc254 msg: 
Invalid `prisma.$executeRaw()` invocation:


Raw query failed. Code: `42601`. Message: `ERROR: syntax error at or near "$1"`
[error]: timestamp:2025-04-04 18:09:36 PM traceId:[864d36c8-c02e-4944-9864-99b3f74ba8df] msg: method: PATCH: /api/v1/members/9b05bafa-4dc0-4442-b932-a291a75fc254 msg: 
Invalid `prisma.$executeRawUnsafe()` invocation:


Raw query failed. Code: `42601`. Message: `ERROR: trailing junk after numeric literal at or near "9b05bafa"`
[error]: timestamp:2025-04-04 18:11:20 PM traceId:[adc78786-eb3c-44b4-8562-f542bddeb324] msg: method: PATCH: /api/v1/members/9b05bafa-4dc0-4442-b932-a291a75fc254 msg: updateMember is not defined
[error]: timestamp:2025-04-04 19:09:42 PM traceId:[e684f553-f99b-4fa4-89e0-8ab1bc8094db] msg: method: GET: /api/v1/members/9b05bafa-4dc0-4442-b932-a291a75fc2 msg: Validation error!
[error]: timestamp:2025-04-04 19:09:44 PM traceId:[cb9fcb7d-7d67-473d-a4e6-e9fa26c90803] msg: method: GET: /api/v1/members/9b05bafa-4dc0-4442-b932-a291a75fc2 msg: Validation error!
[error]: timestamp:2025-04-04 19:18:51 PM traceId:[519511de-2730-4b39-82aa-25b87d7deb2e] msg: method: DELETE: /api/v1/members/0eff2589-5ddf-4cf3-a296-c74c467e8553 msg: 
Invalid `prisma.member.delete()` invocation in
C:\Users\User\Desktop\ph-level2-assingment\8.library-management-system-test\src\app\v1\features\member\member.service.ts:87:51

  84 //   DELETE FROM members WHERE "memberId" = ${memberId} RETURNING *;
  85 // `;
  86 
→ 87 const deletedMember = await prisma.member.delete(
An operation failed because it depends on one or more records that were required but not found. Record to delete does not exist.
[error]: timestamp:2025-04-04 19:18:52 PM traceId:[9954e054-3557-4c03-9e2b-895ef093ccb4] msg: method: DELETE: /api/v1/members/0eff2589-5ddf-4cf3-a296-c74c467e8553 msg: 
Invalid `prisma.member.delete()` invocation in
C:\Users\User\Desktop\ph-level2-assingment\8.library-management-system-test\src\app\v1\features\member\member.service.ts:87:51

  84 //   DELETE FROM members WHERE "memberId" = ${memberId} RETURNING *;
  85 // `;
  86 
→ 87 const deletedMember = await prisma.member.delete(
An operation failed because it depends on one or more records that were required but not found. Record to delete does not exist.
